This file contains any messages produced by compilers while
running configure, to aid debugging if configure makes a mistake.

It was created by leptonica configure 1.69, which was
generated by GNU Autoconf 2.65.  Invocation command line was

  $ ./configure --enable-shared=no --disable-programs --without-zlib --without-libpng --without-jpeg --without-giflib --without-libtiff

## --------- ##
## Platform. ##
## --------- ##

hostname = lapdog
uname -m = x86_64
uname -r = 13.0.0
uname -s = Darwin
uname -v = Darwin Kernel Version 13.0.0: Thu Sep 19 22:22:27 PDT 2013; root:xnu-2422.1.72~6/RELEASE_X86_64

/usr/bin/uname -p = i386
/bin/uname -X     = unknown

/bin/arch              = unknown
/usr/bin/arch -k       = unknown
/usr/convex/getsysinfo = unknown
/usr/bin/hostinfo      = Mach kernel version:
	 Darwin Kernel Version 13.0.0: Thu Sep 19 22:22:27 PDT 2013; root:xnu-2422.1.72~6/RELEASE_X86_64
Kernel configured for up to 8 processors.
4 processors are physically available.
8 processors are logically available.
Processor type: i486 (Intel 80486)
Processors active: 0 1 2 3 4 5 6 7
Primary memory available: 16.00 gigabytes
Default processor set: 233 tasks, 1234 threads, 8 processors
Load average: 4.00, Mach factor: 5.15
/bin/machine           = unknown
/usr/bin/oslevel       = unknown
/bin/universe          = unknown

PATH: /Users/rob/.rbenv/shims
PATH: /Users/rob/bin
PATH: /usr/local/bin
PATH: /usr/local/sbin
PATH: /usr/bin
PATH: /bin
PATH: /usr/sbin
PATH: /sbin
PATH: /usr/local/bin
PATH: /opt/X11/bin
PATH: /Users/rob/.rvm/bin
PATH: /usr/local/Cellar/python/2.7.1/bin


## ----------- ##
## Core tests. ##
## ----------- ##

configure:2345: checking build system type
configure:2359: result: i386-apple-darwin13.0.0
configure:2379: checking host system type
configure:2392: result: i386-apple-darwin13.0.0
configure:2460: checking for gcc
configure:2487: result: /usr/bin/llvm-gcc
configure:2716: checking for C compiler version
configure:2725: /usr/bin/llvm-gcc --version >&5
Apple LLVM version 5.0 (clang-500.2.79) (based on LLVM 3.3svn)
Target: x86_64-apple-darwin13.0.0
Thread model: posix
configure:2736: $? = 0
configure:2725: /usr/bin/llvm-gcc -v >&5
Apple LLVM version 5.0 (clang-500.2.79) (based on LLVM 3.3svn)
Target: x86_64-apple-darwin13.0.0
Thread model: posix
configure:2736: $? = 0
configure:2725: /usr/bin/llvm-gcc -V >&5
clang: error: argument to '-V' is missing (expected 1 value)
clang: error: no input files
configure:2736: $? = 1
configure:2725: /usr/bin/llvm-gcc -qversion >&5
clang: error: no input files
configure:2736: $? = 1
configure:2756: checking whether the C compiler works
configure:2778: /usr/bin/llvm-gcc -arch i386 -pipe -no-cpp-precomp -isysroot /Applications/Xcode.app/Contents/Developer/Platforms/iPhoneSimulator.platform/Developer/SDKs/iPhoneSimulator7.0.sdk -miphoneos-version-min=7.0 -I/Users/rob/Projects/compile-tesseract/dependencies/include -L/Users/rob/Projects/compile-tesseract/dependencies/lib -arch i386 -pipe -no-cpp-precomp -isysroot /Applications/Xcode.app/Contents/Developer/Platforms/iPhoneSimulator.platform/Developer/SDKs/iPhoneSimulator7.0.sdk -miphoneos-version-min=7.0 -I/Users/rob/Projects/compile-tesseract/dependencies/include -L/Users/rob/Projects/compile-tesseract/dependencies/lib -L/Applications/Xcode.app/Contents/Developer/Platforms/iPhoneSimulator.platform/Developer/SDKs/iPhoneSimulator7.0.sdk/usr/lib/ conftest.c  >&5
configure:2782: $? = 0
configure:2831: result: yes
configure:2834: checking for C compiler default output file name
configure:2836: result: a.out
configure:2842: checking for suffix of executables
configure:2849: /usr/bin/llvm-gcc -o conftest -arch i386 -pipe -no-cpp-precomp -isysroot /Applications/Xcode.app/Contents/Developer/Platforms/iPhoneSimulator.platform/Developer/SDKs/iPhoneSimulator7.0.sdk -miphoneos-version-min=7.0 -I/Users/rob/Projects/compile-tesseract/dependencies/include -L/Users/rob/Projects/compile-tesseract/dependencies/lib -arch i386 -pipe -no-cpp-precomp -isysroot /Applications/Xcode.app/Contents/Developer/Platforms/iPhoneSimulator.platform/Developer/SDKs/iPhoneSimulator7.0.sdk -miphoneos-version-min=7.0 -I/Users/rob/Projects/compile-tesseract/dependencies/include -L/Users/rob/Projects/compile-tesseract/dependencies/lib -L/Applications/Xcode.app/Contents/Developer/Platforms/iPhoneSimulator.platform/Developer/SDKs/iPhoneSimulator7.0.sdk/usr/lib/ conftest.c  >&5
configure:2853: $? = 0
configure:2875: result: 
configure:2897: checking whether we are cross compiling
configure:2905: /usr/bin/llvm-gcc -o conftest -arch i386 -pipe -no-cpp-precomp -isysroot /Applications/Xcode.app/Contents/Developer/Platforms/iPhoneSimulator.platform/Developer/SDKs/iPhoneSimulator7.0.sdk -miphoneos-version-min=7.0 -I/Users/rob/Projects/compile-tesseract/dependencies/include -L/Users/rob/Projects/compile-tesseract/dependencies/lib -arch i386 -pipe -no-cpp-precomp -isysroot /Applications/Xcode.app/Contents/Developer/Platforms/iPhoneSimulator.platform/Developer/SDKs/iPhoneSimulator7.0.sdk -miphoneos-version-min=7.0 -I/Users/rob/Projects/compile-tesseract/dependencies/include -L/Users/rob/Projects/compile-tesseract/dependencies/lib -L/Applications/Xcode.app/Contents/Developer/Platforms/iPhoneSimulator.platform/Developer/SDKs/iPhoneSimulator7.0.sdk/usr/lib/ conftest.c  >&5
configure:2909: $? = 0
configure:2916: ./conftest
configure:2920: $? = 0
configure:2935: result: no
configure:2940: checking for suffix of object files
configure:2962: /usr/bin/llvm-gcc -c -arch i386 -pipe -no-cpp-precomp -isysroot /Applications/Xcode.app/Contents/Developer/Platforms/iPhoneSimulator.platform/Developer/SDKs/iPhoneSimulator7.0.sdk -miphoneos-version-min=7.0 -I/Users/rob/Projects/compile-tesseract/dependencies/include -L/Users/rob/Projects/compile-tesseract/dependencies/lib -arch i386 -pipe -no-cpp-precomp -isysroot /Applications/Xcode.app/Contents/Developer/Platforms/iPhoneSimulator.platform/Developer/SDKs/iPhoneSimulator7.0.sdk -miphoneos-version-min=7.0 -I/Users/rob/Projects/compile-tesseract/dependencies/include -L/Users/rob/Projects/compile-tesseract/dependencies/lib conftest.c >&5
clang: warning: argument unused during compilation: '-L/Users/rob/Projects/compile-tesseract/dependencies/lib'
clang: warning: argument unused during compilation: '-L/Users/rob/Projects/compile-tesseract/dependencies/lib'
configure:2966: $? = 0
configure:2987: result: o
configure:2991: checking whether we are using the GNU C compiler
configure:3010: /usr/bin/llvm-gcc -c -arch i386 -pipe -no-cpp-precomp -isysroot /Applications/Xcode.app/Contents/Developer/Platforms/iPhoneSimulator.platform/Developer/SDKs/iPhoneSimulator7.0.sdk -miphoneos-version-min=7.0 -I/Users/rob/Projects/compile-tesseract/dependencies/include -L/Users/rob/Projects/compile-tesseract/dependencies/lib -arch i386 -pipe -no-cpp-precomp -isysroot /Applications/Xcode.app/Contents/Developer/Platforms/iPhoneSimulator.platform/Developer/SDKs/iPhoneSimulator7.0.sdk -miphoneos-version-min=7.0 -I/Users/rob/Projects/compile-tesseract/dependencies/include -L/Users/rob/Projects/compile-tesseract/dependencies/lib conftest.c >&5
clang: warning: argument unused during compilation: '-L/Users/rob/Projects/compile-tesseract/dependencies/lib'
clang: warning: argument unused during compilation: '-L/Users/rob/Projects/compile-tesseract/dependencies/lib'
configure:3010: $? = 0
configure:3019: result: yes
configure:3028: checking whether /usr/bin/llvm-gcc accepts -g
configure:3048: /usr/bin/llvm-gcc -c -g -arch i386 -pipe -no-cpp-precomp -isysroot /Applications/Xcode.app/Contents/Developer/Platforms/iPhoneSimulator.platform/Developer/SDKs/iPhoneSimulator7.0.sdk -miphoneos-version-min=7.0 -I/Users/rob/Projects/compile-tesseract/dependencies/include -L/Users/rob/Projects/compile-tesseract/dependencies/lib conftest.c >&5
clang: warning: argument unused during compilation: '-L/Users/rob/Projects/compile-tesseract/dependencies/lib'
configure:3048: $? = 0
configure: failed program was:
| /* confdefs.h */
| #define PACKAGE_NAME "leptonica"
| #define PACKAGE_TARNAME "leptonica"
| #define PACKAGE_VERSION "1.69"
| #define PACKAGE_STRING "leptonica 1.69"
| #define PACKAGE_BUGREPORT "dan.bloomberg@gmail.com"
| #define PACKAGE_URL ""
| /* end confdefs.h.  */
| 
| int
| main ()
| {
| 
|   ;
|   return 0;
| }
configure:3063: /usr/bin/llvm-gcc -c  -arch i386 -pipe -no-cpp-precomp -isysroot /Applications/Xcode.app/Contents/Developer/Platforms/iPhoneSimulator.platform/Developer/SDKs/iPhoneSimulator7.0.sdk -miphoneos-version-min=7.0 -I/Users/rob/Projects/compile-tesseract/dependencies/include -L/Users/rob/Projects/compile-tesseract/dependencies/lib conftest.c >&5
clang: warning: argument unused during compilation: '-L/Users/rob/Projects/compile-tesseract/dependencies/lib'
configure:3063: $? = 0
configure: failed program was:
| /* confdefs.h */
| #define PACKAGE_NAME "leptonica"
| #define PACKAGE_TARNAME "leptonica"
| #define PACKAGE_VERSION "1.69"
| #define PACKAGE_STRING "leptonica 1.69"
| #define PACKAGE_BUGREPORT "dan.bloomberg@gmail.com"
| #define PACKAGE_URL ""
| /* end confdefs.h.  */
| 
| int
| main ()
| {
| 
|   ;
|   return 0;
| }
configure:3079: /usr/bin/llvm-gcc -c -g -arch i386 -pipe -no-cpp-precomp -isysroot /Applications/Xcode.app/Contents/Developer/Platforms/iPhoneSimulator.platform/Developer/SDKs/iPhoneSimulator7.0.sdk -miphoneos-version-min=7.0 -I/Users/rob/Projects/compile-tesseract/dependencies/include -L/Users/rob/Projects/compile-tesseract/dependencies/lib conftest.c >&5
clang: warning: argument unused during compilation: '-L/Users/rob/Projects/compile-tesseract/dependencies/lib'
configure:3079: $? = 0
configure:3089: result: yes
configure:3106: checking for /usr/bin/llvm-gcc option to accept ISO C89
configure:3170: /usr/bin/llvm-gcc  -c -arch i386 -pipe -no-cpp-precomp -isysroot /Applications/Xcode.app/Contents/Developer/Platforms/iPhoneSimulator.platform/Developer/SDKs/iPhoneSimulator7.0.sdk -miphoneos-version-min=7.0 -I/Users/rob/Projects/compile-tesseract/dependencies/include -L/Users/rob/Projects/compile-tesseract/dependencies/lib -arch i386 -pipe -no-cpp-precomp -isysroot /Applications/Xcode.app/Contents/Developer/Platforms/iPhoneSimulator.platform/Developer/SDKs/iPhoneSimulator7.0.sdk -miphoneos-version-min=7.0 -I/Users/rob/Projects/compile-tesseract/dependencies/include -L/Users/rob/Projects/compile-tesseract/dependencies/lib conftest.c >&5
clang: warning: argument unused during compilation: '-L/Users/rob/Projects/compile-tesseract/dependencies/lib'
clang: warning: argument unused during compilation: '-L/Users/rob/Projects/compile-tesseract/dependencies/lib'
configure:3170: $? = 0
configure:3183: result: none needed
configure:3203: checking for a sed that does not truncate output
configure:3267: result: /usr/bin/sed
configure:3285: checking for grep that handles long lines and -e
configure:3343: result: /usr/bin/grep
configure:3348: checking for egrep
configure:3410: result: /usr/bin/grep -E
configure:3415: checking for fgrep
configure:3477: result: /usr/bin/grep -F
configure:3512: checking for ld used by /usr/bin/llvm-gcc
configure:3579: result: /usr/bin/ld
configure:3586: checking if the linker (/usr/bin/ld) is GNU ld
configure:3601: result: no
configure:3613: checking for BSD- or MS-compatible name lister (nm)
configure:3662: result: /usr/bin/nm
configure:3780: checking the name lister (/usr/bin/nm) interface
configure:3787: /usr/bin/llvm-gcc -c -arch i386 -pipe -no-cpp-precomp -isysroot /Applications/Xcode.app/Contents/Developer/Platforms/iPhoneSimulator.platform/Developer/SDKs/iPhoneSimulator7.0.sdk -miphoneos-version-min=7.0 -I/Users/rob/Projects/compile-tesseract/dependencies/include -L/Users/rob/Projects/compile-tesseract/dependencies/lib -arch i386 -pipe -no-cpp-precomp -isysroot /Applications/Xcode.app/Contents/Developer/Platforms/iPhoneSimulator.platform/Developer/SDKs/iPhoneSimulator7.0.sdk -miphoneos-version-min=7.0 -I/Users/rob/Projects/compile-tesseract/dependencies/include -L/Users/rob/Projects/compile-tesseract/dependencies/lib conftest.c >&5
clang: warning: argument unused during compilation: '-L/Users/rob/Projects/compile-tesseract/dependencies/lib'
clang: warning: argument unused during compilation: '-L/Users/rob/Projects/compile-tesseract/dependencies/lib'
configure:3790: /usr/bin/nm "conftest.o"
configure:3793: output
00000000 S _some_variable
configure:3800: result: BSD nm
configure:3803: checking whether ln -s works
configure:3807: result: yes
configure:3815: checking the maximum length of command line arguments
configure:3935: result: 196608
configure:3952: checking whether the shell understands some XSI constructs
configure:3962: result: yes
configure:3966: checking whether the shell understands "+="
configure:3972: result: yes
configure:4007: checking for /usr/bin/ld option to reload object files
configure:4014: result: -r
configure:4083: checking for objdump
configure:4113: result: no
configure:4142: checking how to recognize dependent libraries
configure:4338: result: pass_all
configure:4398: checking for ar
configure:4425: result: /usr/bin/ar
configure:4503: checking for strip
configure:4519: found /usr/bin/strip
configure:4530: result: strip
configure:4602: checking for ranlib
configure:4629: result: /usr/bin/ranlib
configure:4719: checking command to parse /usr/bin/nm output from /usr/bin/llvm-gcc object
configure:4837: /usr/bin/llvm-gcc -c -arch i386 -pipe -no-cpp-precomp -isysroot /Applications/Xcode.app/Contents/Developer/Platforms/iPhoneSimulator.platform/Developer/SDKs/iPhoneSimulator7.0.sdk -miphoneos-version-min=7.0 -I/Users/rob/Projects/compile-tesseract/dependencies/include -L/Users/rob/Projects/compile-tesseract/dependencies/lib -arch i386 -pipe -no-cpp-precomp -isysroot /Applications/Xcode.app/Contents/Developer/Platforms/iPhoneSimulator.platform/Developer/SDKs/iPhoneSimulator7.0.sdk -miphoneos-version-min=7.0 -I/Users/rob/Projects/compile-tesseract/dependencies/include -L/Users/rob/Projects/compile-tesseract/dependencies/lib conftest.c >&5
clang: warning: argument unused during compilation: '-L/Users/rob/Projects/compile-tesseract/dependencies/lib'
clang: warning: argument unused during compilation: '-L/Users/rob/Projects/compile-tesseract/dependencies/lib'
configure:4840: $? = 0
configure:4844: /usr/bin/nm conftest.o \| sed -n -e 's/^.*[	 ]\([BCDEGRST][BCDEGRST]*\)[	 ][	 ]*\([_A-Za-z][_A-Za-z0-9]*\)$/\1 \2 \2/p' \> conftest.nm
configure:4847: $? = 0
cannot find nm_test_var in conftest.nm
configure:4837: /usr/bin/llvm-gcc -c -arch i386 -pipe -no-cpp-precomp -isysroot /Applications/Xcode.app/Contents/Developer/Platforms/iPhoneSimulator.platform/Developer/SDKs/iPhoneSimulator7.0.sdk -miphoneos-version-min=7.0 -I/Users/rob/Projects/compile-tesseract/dependencies/include -L/Users/rob/Projects/compile-tesseract/dependencies/lib -arch i386 -pipe -no-cpp-precomp -isysroot /Applications/Xcode.app/Contents/Developer/Platforms/iPhoneSimulator.platform/Developer/SDKs/iPhoneSimulator7.0.sdk -miphoneos-version-min=7.0 -I/Users/rob/Projects/compile-tesseract/dependencies/include -L/Users/rob/Projects/compile-tesseract/dependencies/lib conftest.c >&5
clang: warning: argument unused during compilation: '-L/Users/rob/Projects/compile-tesseract/dependencies/lib'
clang: warning: argument unused during compilation: '-L/Users/rob/Projects/compile-tesseract/dependencies/lib'
configure:4840: $? = 0
configure:4844: /usr/bin/nm conftest.o \| sed -n -e 's/^.*[	 ]\([BCDEGRST][BCDEGRST]*\)[	 ][	 ]*_\([_A-Za-z][_A-Za-z0-9]*\)$/\1 _\2 \2/p' \> conftest.nm
configure:4847: $? = 0
configure:4901: /usr/bin/llvm-gcc -o conftest -arch i386 -pipe -no-cpp-precomp -isysroot /Applications/Xcode.app/Contents/Developer/Platforms/iPhoneSimulator.platform/Developer/SDKs/iPhoneSimulator7.0.sdk -miphoneos-version-min=7.0 -I/Users/rob/Projects/compile-tesseract/dependencies/include -L/Users/rob/Projects/compile-tesseract/dependencies/lib -arch i386 -pipe -no-cpp-precomp -isysroot /Applications/Xcode.app/Contents/Developer/Platforms/iPhoneSimulator.platform/Developer/SDKs/iPhoneSimulator7.0.sdk -miphoneos-version-min=7.0 -I/Users/rob/Projects/compile-tesseract/dependencies/include -L/Users/rob/Projects/compile-tesseract/dependencies/lib -L/Applications/Xcode.app/Contents/Developer/Platforms/iPhoneSimulator.platform/Developer/SDKs/iPhoneSimulator7.0.sdk/usr/lib/ conftest.c conftstm.o >&5
configure:4904: $? = 0
configure:4942: result: ok
configure:5207: checking for dsymutil
configure:5223: found /usr/bin/dsymutil
configure:5234: result: dsymutil
configure:5299: checking for nmedit
configure:5315: found /usr/bin/nmedit
configure:5326: result: nmedit
configure:5391: checking for lipo
configure:5407: found /usr/bin/lipo
configure:5418: result: lipo
configure:5483: checking for otool
configure:5499: found /usr/bin/otool
configure:5510: result: otool
configure:5575: checking for otool64
configure:5605: result: no
configure:5650: checking for -single_module linker flag
/usr/bin/llvm-gcc -arch i386 -pipe -no-cpp-precomp -isysroot /Applications/Xcode.app/Contents/Developer/Platforms/iPhoneSimulator.platform/Developer/SDKs/iPhoneSimulator7.0.sdk -miphoneos-version-min=7.0 -I/Users/rob/Projects/compile-tesseract/dependencies/include -L/Users/rob/Projects/compile-tesseract/dependencies/lib -L/Applications/Xcode.app/Contents/Developer/Platforms/iPhoneSimulator.platform/Developer/SDKs/iPhoneSimulator7.0.sdk/usr/lib/ -o libconftest.dylib -dynamiclib -Wl,-single_module conftest.c
configure:5677: result: yes
configure:5679: checking for -exported_symbols_list linker flag
configure:5699: /usr/bin/llvm-gcc -o conftest -arch i386 -pipe -no-cpp-precomp -isysroot /Applications/Xcode.app/Contents/Developer/Platforms/iPhoneSimulator.platform/Developer/SDKs/iPhoneSimulator7.0.sdk -miphoneos-version-min=7.0 -I/Users/rob/Projects/compile-tesseract/dependencies/include -L/Users/rob/Projects/compile-tesseract/dependencies/lib -arch i386 -pipe -no-cpp-precomp -isysroot /Applications/Xcode.app/Contents/Developer/Platforms/iPhoneSimulator.platform/Developer/SDKs/iPhoneSimulator7.0.sdk -miphoneos-version-min=7.0 -I/Users/rob/Projects/compile-tesseract/dependencies/include -L/Users/rob/Projects/compile-tesseract/dependencies/lib -L/Applications/Xcode.app/Contents/Developer/Platforms/iPhoneSimulator.platform/Developer/SDKs/iPhoneSimulator7.0.sdk/usr/lib/ -Wl,-exported_symbols_list,conftest.sym conftest.c  >&5
configure:5699: $? = 0
configure:5709: result: yes
configure:5751: checking how to run the C preprocessor
configure:5782: /usr/bin/llvm-gcc -E -arch i386 -pipe -no-cpp-precomp -isysroot /Applications/Xcode.app/Contents/Developer/Platforms/iPhoneSimulator.platform/Developer/SDKs/iPhoneSimulator7.0.sdk -miphoneos-version-min=7.0 -I/Users/rob/Projects/compile-tesseract/dependencies/include -L/Users/rob/Projects/compile-tesseract/dependencies/lib conftest.c
clang: warning: argument unused during compilation: '-L/Users/rob/Projects/compile-tesseract/dependencies/lib'
configure:5782: $? = 0
configure:5796: /usr/bin/llvm-gcc -E -arch i386 -pipe -no-cpp-precomp -isysroot /Applications/Xcode.app/Contents/Developer/Platforms/iPhoneSimulator.platform/Developer/SDKs/iPhoneSimulator7.0.sdk -miphoneos-version-min=7.0 -I/Users/rob/Projects/compile-tesseract/dependencies/include -L/Users/rob/Projects/compile-tesseract/dependencies/lib conftest.c
clang: warning: argument unused during compilation: '-L/Users/rob/Projects/compile-tesseract/dependencies/lib'
conftest.c:9:10: fatal error: 'ac_nonexistent.h' file not found
#include <ac_nonexistent.h>
         ^
1 error generated.
configure:5796: $? = 1
configure: failed program was:
| /* confdefs.h */
| #define PACKAGE_NAME "leptonica"
| #define PACKAGE_TARNAME "leptonica"
| #define PACKAGE_VERSION "1.69"
| #define PACKAGE_STRING "leptonica 1.69"
| #define PACKAGE_BUGREPORT "dan.bloomberg@gmail.com"
| #define PACKAGE_URL ""
| /* end confdefs.h.  */
| #include <ac_nonexistent.h>
configure:5821: result: /usr/bin/llvm-gcc -E
configure:5841: /usr/bin/llvm-gcc -E -arch i386 -pipe -no-cpp-precomp -isysroot /Applications/Xcode.app/Contents/Developer/Platforms/iPhoneSimulator.platform/Developer/SDKs/iPhoneSimulator7.0.sdk -miphoneos-version-min=7.0 -I/Users/rob/Projects/compile-tesseract/dependencies/include -L/Users/rob/Projects/compile-tesseract/dependencies/lib conftest.c
clang: warning: argument unused during compilation: '-L/Users/rob/Projects/compile-tesseract/dependencies/lib'
configure:5841: $? = 0
configure:5855: /usr/bin/llvm-gcc -E -arch i386 -pipe -no-cpp-precomp -isysroot /Applications/Xcode.app/Contents/Developer/Platforms/iPhoneSimulator.platform/Developer/SDKs/iPhoneSimulator7.0.sdk -miphoneos-version-min=7.0 -I/Users/rob/Projects/compile-tesseract/dependencies/include -L/Users/rob/Projects/compile-tesseract/dependencies/lib conftest.c
clang: warning: argument unused during compilation: '-L/Users/rob/Projects/compile-tesseract/dependencies/lib'
conftest.c:9:10: fatal error: 'ac_nonexistent.h' file not found
#include <ac_nonexistent.h>
         ^
1 error generated.
configure:5855: $? = 1
configure: failed program was:
| /* confdefs.h */
| #define PACKAGE_NAME "leptonica"
| #define PACKAGE_TARNAME "leptonica"
| #define PACKAGE_VERSION "1.69"
| #define PACKAGE_STRING "leptonica 1.69"
| #define PACKAGE_BUGREPORT "dan.bloomberg@gmail.com"
| #define PACKAGE_URL ""
| /* end confdefs.h.  */
| #include <ac_nonexistent.h>
configure:5884: checking for ANSI C header files
configure:5904: /usr/bin/llvm-gcc -c -arch i386 -pipe -no-cpp-precomp -isysroot /Applications/Xcode.app/Contents/Developer/Platforms/iPhoneSimulator.platform/Developer/SDKs/iPhoneSimulator7.0.sdk -miphoneos-version-min=7.0 -I/Users/rob/Projects/compile-tesseract/dependencies/include -L/Users/rob/Projects/compile-tesseract/dependencies/lib -arch i386 -pipe -no-cpp-precomp -isysroot /Applications/Xcode.app/Contents/Developer/Platforms/iPhoneSimulator.platform/Developer/SDKs/iPhoneSimulator7.0.sdk -miphoneos-version-min=7.0 -I/Users/rob/Projects/compile-tesseract/dependencies/include -L/Users/rob/Projects/compile-tesseract/dependencies/lib conftest.c >&5
clang: warning: argument unused during compilation: '-L/Users/rob/Projects/compile-tesseract/dependencies/lib'
clang: warning: argument unused during compilation: '-L/Users/rob/Projects/compile-tesseract/dependencies/lib'
configure:5904: $? = 0
clang: warning: argument unused during compilation: '-L/Users/rob/Projects/compile-tesseract/dependencies/lib'
clang: warning: argument unused during compilation: '-L/Users/rob/Projects/compile-tesseract/dependencies/lib'
configure:5977: /usr/bin/llvm-gcc -o conftest -arch i386 -pipe -no-cpp-precomp -isysroot /Applications/Xcode.app/Contents/Developer/Platforms/iPhoneSimulator.platform/Developer/SDKs/iPhoneSimulator7.0.sdk -miphoneos-version-min=7.0 -I/Users/rob/Projects/compile-tesseract/dependencies/include -L/Users/rob/Projects/compile-tesseract/dependencies/lib -arch i386 -pipe -no-cpp-precomp -isysroot /Applications/Xcode.app/Contents/Developer/Platforms/iPhoneSimulator.platform/Developer/SDKs/iPhoneSimulator7.0.sdk -miphoneos-version-min=7.0 -I/Users/rob/Projects/compile-tesseract/dependencies/include -L/Users/rob/Projects/compile-tesseract/dependencies/lib -L/Applications/Xcode.app/Contents/Developer/Platforms/iPhoneSimulator.platform/Developer/SDKs/iPhoneSimulator7.0.sdk/usr/lib/ conftest.c  >&5
configure:5977: $? = 0
configure:5977: ./conftest
configure:5977: $? = 0
configure:5988: result: yes
configure:6001: checking for sys/types.h
configure:6001: /usr/bin/llvm-gcc -c -arch i386 -pipe -no-cpp-precomp -isysroot /Applications/Xcode.app/Contents/Developer/Platforms/iPhoneSimulator.platform/Developer/SDKs/iPhoneSimulator7.0.sdk -miphoneos-version-min=7.0 -I/Users/rob/Projects/compile-tesseract/dependencies/include -L/Users/rob/Projects/compile-tesseract/dependencies/lib -arch i386 -pipe -no-cpp-precomp -isysroot /Applications/Xcode.app/Contents/Developer/Platforms/iPhoneSimulator.platform/Developer/SDKs/iPhoneSimulator7.0.sdk -miphoneos-version-min=7.0 -I/Users/rob/Projects/compile-tesseract/dependencies/include -L/Users/rob/Projects/compile-tesseract/dependencies/lib conftest.c >&5
clang: warning: argument unused during compilation: '-L/Users/rob/Projects/compile-tesseract/dependencies/lib'
clang: warning: argument unused during compilation: '-L/Users/rob/Projects/compile-tesseract/dependencies/lib'
configure:6001: $? = 0
configure:6001: result: yes
configure:6001: checking for sys/stat.h
configure:6001: /usr/bin/llvm-gcc -c -arch i386 -pipe -no-cpp-precomp -isysroot /Applications/Xcode.app/Contents/Developer/Platforms/iPhoneSimulator.platform/Developer/SDKs/iPhoneSimulator7.0.sdk -miphoneos-version-min=7.0 -I/Users/rob/Projects/compile-tesseract/dependencies/include -L/Users/rob/Projects/compile-tesseract/dependencies/lib -arch i386 -pipe -no-cpp-precomp -isysroot /Applications/Xcode.app/Contents/Developer/Platforms/iPhoneSimulator.platform/Developer/SDKs/iPhoneSimulator7.0.sdk -miphoneos-version-min=7.0 -I/Users/rob/Projects/compile-tesseract/dependencies/include -L/Users/rob/Projects/compile-tesseract/dependencies/lib conftest.c >&5
clang: warning: argument unused during compilation: '-L/Users/rob/Projects/compile-tesseract/dependencies/lib'
clang: warning: argument unused during compilation: '-L/Users/rob/Projects/compile-tesseract/dependencies/lib'
configure:6001: $? = 0
configure:6001: result: yes
configure:6001: checking for stdlib.h
configure:6001: /usr/bin/llvm-gcc -c -arch i386 -pipe -no-cpp-precomp -isysroot /Applications/Xcode.app/Contents/Developer/Platforms/iPhoneSimulator.platform/Developer/SDKs/iPhoneSimulator7.0.sdk -miphoneos-version-min=7.0 -I/Users/rob/Projects/compile-tesseract/dependencies/include -L/Users/rob/Projects/compile-tesseract/dependencies/lib -arch i386 -pipe -no-cpp-precomp -isysroot /Applications/Xcode.app/Contents/Developer/Platforms/iPhoneSimulator.platform/Developer/SDKs/iPhoneSimulator7.0.sdk -miphoneos-version-min=7.0 -I/Users/rob/Projects/compile-tesseract/dependencies/include -L/Users/rob/Projects/compile-tesseract/dependencies/lib conftest.c >&5
clang: warning: argument unused during compilation: '-L/Users/rob/Projects/compile-tesseract/dependencies/lib'
clang: warning: argument unused during compilation: '-L/Users/rob/Projects/compile-tesseract/dependencies/lib'
configure:6001: $? = 0
configure:6001: result: yes
configure:6001: checking for string.h
configure:6001: /usr/bin/llvm-gcc -c -arch i386 -pipe -no-cpp-precomp -isysroot /Applications/Xcode.app/Contents/Developer/Platforms/iPhoneSimulator.platform/Developer/SDKs/iPhoneSimulator7.0.sdk -miphoneos-version-min=7.0 -I/Users/rob/Projects/compile-tesseract/dependencies/include -L/Users/rob/Projects/compile-tesseract/dependencies/lib -arch i386 -pipe -no-cpp-precomp -isysroot /Applications/Xcode.app/Contents/Developer/Platforms/iPhoneSimulator.platform/Developer/SDKs/iPhoneSimulator7.0.sdk -miphoneos-version-min=7.0 -I/Users/rob/Projects/compile-tesseract/dependencies/include -L/Users/rob/Projects/compile-tesseract/dependencies/lib conftest.c >&5
clang: warning: argument unused during compilation: '-L/Users/rob/Projects/compile-tesseract/dependencies/lib'
clang: warning: argument unused during compilation: '-L/Users/rob/Projects/compile-tesseract/dependencies/lib'
configure:6001: $? = 0
configure:6001: result: yes
configure:6001: checking for memory.h
configure:6001: /usr/bin/llvm-gcc -c -arch i386 -pipe -no-cpp-precomp -isysroot /Applications/Xcode.app/Contents/Developer/Platforms/iPhoneSimulator.platform/Developer/SDKs/iPhoneSimulator7.0.sdk -miphoneos-version-min=7.0 -I/Users/rob/Projects/compile-tesseract/dependencies/include -L/Users/rob/Projects/compile-tesseract/dependencies/lib -arch i386 -pipe -no-cpp-precomp -isysroot /Applications/Xcode.app/Contents/Developer/Platforms/iPhoneSimulator.platform/Developer/SDKs/iPhoneSimulator7.0.sdk -miphoneos-version-min=7.0 -I/Users/rob/Projects/compile-tesseract/dependencies/include -L/Users/rob/Projects/compile-tesseract/dependencies/lib conftest.c >&5
clang: warning: argument unused during compilation: '-L/Users/rob/Projects/compile-tesseract/dependencies/lib'
clang: warning: argument unused during compilation: '-L/Users/rob/Projects/compile-tesseract/dependencies/lib'
configure:6001: $? = 0
configure:6001: result: yes
configure:6001: checking for strings.h
configure:6001: /usr/bin/llvm-gcc -c -arch i386 -pipe -no-cpp-precomp -isysroot /Applications/Xcode.app/Contents/Developer/Platforms/iPhoneSimulator.platform/Developer/SDKs/iPhoneSimulator7.0.sdk -miphoneos-version-min=7.0 -I/Users/rob/Projects/compile-tesseract/dependencies/include -L/Users/rob/Projects/compile-tesseract/dependencies/lib -arch i386 -pipe -no-cpp-precomp -isysroot /Applications/Xcode.app/Contents/Developer/Platforms/iPhoneSimulator.platform/Developer/SDKs/iPhoneSimulator7.0.sdk -miphoneos-version-min=7.0 -I/Users/rob/Projects/compile-tesseract/dependencies/include -L/Users/rob/Projects/compile-tesseract/dependencies/lib conftest.c >&5
clang: warning: argument unused during compilation: '-L/Users/rob/Projects/compile-tesseract/dependencies/lib'
clang: warning: argument unused during compilation: '-L/Users/rob/Projects/compile-tesseract/dependencies/lib'
configure:6001: $? = 0
configure:6001: result: yes
configure:6001: checking for inttypes.h
configure:6001: /usr/bin/llvm-gcc -c -arch i386 -pipe -no-cpp-precomp -isysroot /Applications/Xcode.app/Contents/Developer/Platforms/iPhoneSimulator.platform/Developer/SDKs/iPhoneSimulator7.0.sdk -miphoneos-version-min=7.0 -I/Users/rob/Projects/compile-tesseract/dependencies/include -L/Users/rob/Projects/compile-tesseract/dependencies/lib -arch i386 -pipe -no-cpp-precomp -isysroot /Applications/Xcode.app/Contents/Developer/Platforms/iPhoneSimulator.platform/Developer/SDKs/iPhoneSimulator7.0.sdk -miphoneos-version-min=7.0 -I/Users/rob/Projects/compile-tesseract/dependencies/include -L/Users/rob/Projects/compile-tesseract/dependencies/lib conftest.c >&5
clang: warning: argument unused during compilation: '-L/Users/rob/Projects/compile-tesseract/dependencies/lib'
clang: warning: argument unused during compilation: '-L/Users/rob/Projects/compile-tesseract/dependencies/lib'
configure:6001: $? = 0
configure:6001: result: yes
configure:6001: checking for stdint.h
configure:6001: /usr/bin/llvm-gcc -c -arch i386 -pipe -no-cpp-precomp -isysroot /Applications/Xcode.app/Contents/Developer/Platforms/iPhoneSimulator.platform/Developer/SDKs/iPhoneSimulator7.0.sdk -miphoneos-version-min=7.0 -I/Users/rob/Projects/compile-tesseract/dependencies/include -L/Users/rob/Projects/compile-tesseract/dependencies/lib -arch i386 -pipe -no-cpp-precomp -isysroot /Applications/Xcode.app/Contents/Developer/Platforms/iPhoneSimulator.platform/Developer/SDKs/iPhoneSimulator7.0.sdk -miphoneos-version-min=7.0 -I/Users/rob/Projects/compile-tesseract/dependencies/include -L/Users/rob/Projects/compile-tesseract/dependencies/lib conftest.c >&5
clang: warning: argument unused during compilation: '-L/Users/rob/Projects/compile-tesseract/dependencies/lib'
clang: warning: argument unused during compilation: '-L/Users/rob/Projects/compile-tesseract/dependencies/lib'
configure:6001: $? = 0
configure:6001: result: yes
configure:6001: checking for unistd.h
configure:6001: /usr/bin/llvm-gcc -c -arch i386 -pipe -no-cpp-precomp -isysroot /Applications/Xcode.app/Contents/Developer/Platforms/iPhoneSimulator.platform/Developer/SDKs/iPhoneSimulator7.0.sdk -miphoneos-version-min=7.0 -I/Users/rob/Projects/compile-tesseract/dependencies/include -L/Users/rob/Projects/compile-tesseract/dependencies/lib -arch i386 -pipe -no-cpp-precomp -isysroot /Applications/Xcode.app/Contents/Developer/Platforms/iPhoneSimulator.platform/Developer/SDKs/iPhoneSimulator7.0.sdk -miphoneos-version-min=7.0 -I/Users/rob/Projects/compile-tesseract/dependencies/include -L/Users/rob/Projects/compile-tesseract/dependencies/lib conftest.c >&5
clang: warning: argument unused during compilation: '-L/Users/rob/Projects/compile-tesseract/dependencies/lib'
clang: warning: argument unused during compilation: '-L/Users/rob/Projects/compile-tesseract/dependencies/lib'
configure:6001: $? = 0
configure:6001: result: yes
configure:6016: checking for dlfcn.h
configure:6016: /usr/bin/llvm-gcc -c -arch i386 -pipe -no-cpp-precomp -isysroot /Applications/Xcode.app/Contents/Developer/Platforms/iPhoneSimulator.platform/Developer/SDKs/iPhoneSimulator7.0.sdk -miphoneos-version-min=7.0 -I/Users/rob/Projects/compile-tesseract/dependencies/include -L/Users/rob/Projects/compile-tesseract/dependencies/lib -arch i386 -pipe -no-cpp-precomp -isysroot /Applications/Xcode.app/Contents/Developer/Platforms/iPhoneSimulator.platform/Developer/SDKs/iPhoneSimulator7.0.sdk -miphoneos-version-min=7.0 -I/Users/rob/Projects/compile-tesseract/dependencies/include -L/Users/rob/Projects/compile-tesseract/dependencies/lib conftest.c >&5
clang: warning: argument unused during compilation: '-L/Users/rob/Projects/compile-tesseract/dependencies/lib'
clang: warning: argument unused during compilation: '-L/Users/rob/Projects/compile-tesseract/dependencies/lib'
configure:6016: $? = 0
configure:6016: result: yes
configure:6200: checking for objdir
configure:6215: result: .libs
configure:6507: checking if /usr/bin/llvm-gcc supports -fno-rtti -fno-exceptions
configure:6525: /usr/bin/llvm-gcc -c -arch i386 -pipe -no-cpp-precomp -isysroot /Applications/Xcode.app/Contents/Developer/Platforms/iPhoneSimulator.platform/Developer/SDKs/iPhoneSimulator7.0.sdk -miphoneos-version-min=7.0 -I/Users/rob/Projects/compile-tesseract/dependencies/include -L/Users/rob/Projects/compile-tesseract/dependencies/lib -arch i386 -pipe -no-cpp-precomp -isysroot /Applications/Xcode.app/Contents/Developer/Platforms/iPhoneSimulator.platform/Developer/SDKs/iPhoneSimulator7.0.sdk -miphoneos-version-min=7.0 -I/Users/rob/Projects/compile-tesseract/dependencies/include -L/Users/rob/Projects/compile-tesseract/dependencies/lib -fno-rtti -fno-exceptions conftest.c >&5
clang: warning: argument unused during compilation: '-L/Users/rob/Projects/compile-tesseract/dependencies/lib'
clang: warning: argument unused during compilation: '-L/Users/rob/Projects/compile-tesseract/dependencies/lib'
configure:6529: $? = 0
configure:6542: result: yes
configure:6562: checking for /usr/bin/llvm-gcc option to produce PIC
configure:6834: result: -fno-common -DPIC
configure:6846: checking if /usr/bin/llvm-gcc PIC flag -fno-common -DPIC works
configure:6864: /usr/bin/llvm-gcc -c -arch i386 -pipe -no-cpp-precomp -isysroot /Applications/Xcode.app/Contents/Developer/Platforms/iPhoneSimulator.platform/Developer/SDKs/iPhoneSimulator7.0.sdk -miphoneos-version-min=7.0 -I/Users/rob/Projects/compile-tesseract/dependencies/include -L/Users/rob/Projects/compile-tesseract/dependencies/lib -arch i386 -pipe -no-cpp-precomp -isysroot /Applications/Xcode.app/Contents/Developer/Platforms/iPhoneSimulator.platform/Developer/SDKs/iPhoneSimulator7.0.sdk -miphoneos-version-min=7.0 -I/Users/rob/Projects/compile-tesseract/dependencies/include -L/Users/rob/Projects/compile-tesseract/dependencies/lib -fno-common -DPIC -DPIC conftest.c >&5
clang: warning: argument unused during compilation: '-L/Users/rob/Projects/compile-tesseract/dependencies/lib'
clang: warning: argument unused during compilation: '-L/Users/rob/Projects/compile-tesseract/dependencies/lib'
configure:6868: $? = 0
configure:6881: result: yes
configure:6905: checking if /usr/bin/llvm-gcc static flag -static works
configure:6933: result: no
configure:6948: checking if /usr/bin/llvm-gcc supports -c -o file.o
configure:6969: /usr/bin/llvm-gcc -c -arch i386 -pipe -no-cpp-precomp -isysroot /Applications/Xcode.app/Contents/Developer/Platforms/iPhoneSimulator.platform/Developer/SDKs/iPhoneSimulator7.0.sdk -miphoneos-version-min=7.0 -I/Users/rob/Projects/compile-tesseract/dependencies/include -L/Users/rob/Projects/compile-tesseract/dependencies/lib -arch i386 -pipe -no-cpp-precomp -isysroot /Applications/Xcode.app/Contents/Developer/Platforms/iPhoneSimulator.platform/Developer/SDKs/iPhoneSimulator7.0.sdk -miphoneos-version-min=7.0 -I/Users/rob/Projects/compile-tesseract/dependencies/include -L/Users/rob/Projects/compile-tesseract/dependencies/lib -o out/conftest2.o conftest.c >&5
clang: warning: argument unused during compilation: '-L/Users/rob/Projects/compile-tesseract/dependencies/lib'
clang: warning: argument unused during compilation: '-L/Users/rob/Projects/compile-tesseract/dependencies/lib'
configure:6973: $? = 0
configure:6995: result: yes
configure:7003: checking if /usr/bin/llvm-gcc supports -c -o file.o
configure:7050: result: yes
configure:7083: checking whether the /usr/bin/llvm-gcc linker (/usr/bin/ld) supports shared libraries
configure:8074: result: yes
configure:8313: checking dynamic linker characteristics
configure:8976: result: darwin13.0.0 dyld
configure:9078: checking how to hardcode library paths into programs
configure:9103: result: immediate
configure:9623: checking whether stripping libraries is possible
configure:9637: result: yes
configure:9663: checking if libtool supports shared libraries
configure:9665: result: yes
configure:9668: checking whether to build shared libraries
configure:9689: result: no
configure:9692: checking whether to build static libraries
configure:9696: result: yes
configure:9748: checking for a BSD-compatible install
configure:9816: result: /usr/bin/install -c
configure:9827: checking whether build environment is sane
configure:9877: result: yes
configure:10018: checking for a thread-safe mkdir -p
configure:10057: result: config/install-sh -c -d
configure:10070: checking for gawk
configure:10086: found /usr/local/bin/gawk
configure:10097: result: gawk
configure:10108: checking whether make sets $(MAKE)
configure:10130: result: yes
configure:10160: checking for style of include used by make
configure:10188: result: GNU
configure:10273: checking dependency style of /usr/bin/llvm-gcc
configure:10383: result: gcc3
configure:10412: checking for gawk
configure:10439: result: gawk
configure:10498: checking for gcc
configure:10525: result: /usr/bin/llvm-gcc
configure:10754: checking for C compiler version
configure:10763: /usr/bin/llvm-gcc --version >&5
Apple LLVM version 5.0 (clang-500.2.79) (based on LLVM 3.3svn)
Target: x86_64-apple-darwin13.0.0
Thread model: posix
configure:10774: $? = 0
configure:10763: /usr/bin/llvm-gcc -v >&5
Apple LLVM version 5.0 (clang-500.2.79) (based on LLVM 3.3svn)
Target: x86_64-apple-darwin13.0.0
Thread model: posix
configure:10774: $? = 0
configure:10763: /usr/bin/llvm-gcc -V >&5
clang: error: argument to '-V' is missing (expected 1 value)
clang: error: no input files
configure:10774: $? = 1
configure:10763: /usr/bin/llvm-gcc -qversion >&5
clang: error: no input files
configure:10774: $? = 1
configure:10778: checking whether we are using the GNU C compiler
configure:10806: result: yes
configure:10815: checking whether /usr/bin/llvm-gcc accepts -g
configure:10876: result: yes
configure:10893: checking for /usr/bin/llvm-gcc option to accept ISO C89
configure:10970: result: none needed
configure:10995: checking how to run the C preprocessor
configure:11065: result: /usr/bin/llvm-gcc -E
configure:11085: /usr/bin/llvm-gcc -E -arch i386 -pipe -no-cpp-precomp -isysroot /Applications/Xcode.app/Contents/Developer/Platforms/iPhoneSimulator.platform/Developer/SDKs/iPhoneSimulator7.0.sdk -miphoneos-version-min=7.0 -I/Users/rob/Projects/compile-tesseract/dependencies/include -L/Users/rob/Projects/compile-tesseract/dependencies/lib conftest.c
clang: warning: argument unused during compilation: '-L/Users/rob/Projects/compile-tesseract/dependencies/lib'
configure:11085: $? = 0
configure:11099: /usr/bin/llvm-gcc -E -arch i386 -pipe -no-cpp-precomp -isysroot /Applications/Xcode.app/Contents/Developer/Platforms/iPhoneSimulator.platform/Developer/SDKs/iPhoneSimulator7.0.sdk -miphoneos-version-min=7.0 -I/Users/rob/Projects/compile-tesseract/dependencies/include -L/Users/rob/Projects/compile-tesseract/dependencies/lib conftest.c
clang: warning: argument unused during compilation: '-L/Users/rob/Projects/compile-tesseract/dependencies/lib'
conftest.c:23:10: fatal error: 'ac_nonexistent.h' file not found
#include <ac_nonexistent.h>
         ^
1 error generated.
configure:11099: $? = 1
configure: failed program was:
| /* confdefs.h */
| #define PACKAGE_NAME "leptonica"
| #define PACKAGE_TARNAME "leptonica"
| #define PACKAGE_VERSION "1.69"
| #define PACKAGE_STRING "leptonica 1.69"
| #define PACKAGE_BUGREPORT "dan.bloomberg@gmail.com"
| #define PACKAGE_URL ""
| #define STDC_HEADERS 1
| #define HAVE_SYS_TYPES_H 1
| #define HAVE_SYS_STAT_H 1
| #define HAVE_STDLIB_H 1
| #define HAVE_STRING_H 1
| #define HAVE_MEMORY_H 1
| #define HAVE_STRINGS_H 1
| #define HAVE_INTTYPES_H 1
| #define HAVE_STDINT_H 1
| #define HAVE_UNISTD_H 1
| #define HAVE_DLFCN_H 1
| #define LT_OBJDIR ".libs/"
| #define PACKAGE "leptonica"
| #define VERSION "1.69"
| /* end confdefs.h.  */
| #include <ac_nonexistent.h>
configure:11129: checking whether ln -s works
configure:11133: result: yes
configure:11140: checking whether make sets $(MAKE)
configure:11162: result: yes
configure:11613: checking for WebPGetInfo in -lwebp
configure:11638: /usr/bin/llvm-gcc -o conftest -arch i386 -pipe -no-cpp-precomp -isysroot /Applications/Xcode.app/Contents/Developer/Platforms/iPhoneSimulator.platform/Developer/SDKs/iPhoneSimulator7.0.sdk -miphoneos-version-min=7.0 -I/Users/rob/Projects/compile-tesseract/dependencies/include -L/Users/rob/Projects/compile-tesseract/dependencies/lib -arch i386 -pipe -no-cpp-precomp -isysroot /Applications/Xcode.app/Contents/Developer/Platforms/iPhoneSimulator.platform/Developer/SDKs/iPhoneSimulator7.0.sdk -miphoneos-version-min=7.0 -I/Users/rob/Projects/compile-tesseract/dependencies/include -L/Users/rob/Projects/compile-tesseract/dependencies/lib -L/Applications/Xcode.app/Contents/Developer/Platforms/iPhoneSimulator.platform/Developer/SDKs/iPhoneSimulator7.0.sdk/usr/lib/ conftest.c -lwebp   >&5
ld: library not found for -lwebp
clang: error: linker command failed with exit code 1 (use -v to see invocation)
configure:11638: $? = 1
configure: failed program was:
| /* confdefs.h */
| #define PACKAGE_NAME "leptonica"
| #define PACKAGE_TARNAME "leptonica"
| #define PACKAGE_VERSION "1.69"
| #define PACKAGE_STRING "leptonica 1.69"
| #define PACKAGE_BUGREPORT "dan.bloomberg@gmail.com"
| #define PACKAGE_URL ""
| #define STDC_HEADERS 1
| #define HAVE_SYS_TYPES_H 1
| #define HAVE_SYS_STAT_H 1
| #define HAVE_STDLIB_H 1
| #define HAVE_STRING_H 1
| #define HAVE_MEMORY_H 1
| #define HAVE_STRINGS_H 1
| #define HAVE_INTTYPES_H 1
| #define HAVE_STDINT_H 1
| #define HAVE_UNISTD_H 1
| #define HAVE_DLFCN_H 1
| #define LT_OBJDIR ".libs/"
| #define PACKAGE "leptonica"
| #define VERSION "1.69"
| /* end confdefs.h.  */
| 
| /* Override any GCC internal prototype to avoid an error.
|    Use char because int might match the return type of a GCC
|    builtin and then its argument prototype would still apply.  */
| #ifdef __cplusplus
| extern "C"
| #endif
| char WebPGetInfo ();
| int
| main ()
| {
| return WebPGetInfo ();
|   ;
|   return 0;
| }
configure:11647: result: no
configure:11670: checking for size_t
configure:11670: /usr/bin/llvm-gcc -c -arch i386 -pipe -no-cpp-precomp -isysroot /Applications/Xcode.app/Contents/Developer/Platforms/iPhoneSimulator.platform/Developer/SDKs/iPhoneSimulator7.0.sdk -miphoneos-version-min=7.0 -I/Users/rob/Projects/compile-tesseract/dependencies/include -L/Users/rob/Projects/compile-tesseract/dependencies/lib -arch i386 -pipe -no-cpp-precomp -isysroot /Applications/Xcode.app/Contents/Developer/Platforms/iPhoneSimulator.platform/Developer/SDKs/iPhoneSimulator7.0.sdk -miphoneos-version-min=7.0 -I/Users/rob/Projects/compile-tesseract/dependencies/include -L/Users/rob/Projects/compile-tesseract/dependencies/lib conftest.c >&5
clang: warning: argument unused during compilation: '-L/Users/rob/Projects/compile-tesseract/dependencies/lib'
clang: warning: argument unused during compilation: '-L/Users/rob/Projects/compile-tesseract/dependencies/lib'
configure:11670: $? = 0
configure:11670: /usr/bin/llvm-gcc -c -arch i386 -pipe -no-cpp-precomp -isysroot /Applications/Xcode.app/Contents/Developer/Platforms/iPhoneSimulator.platform/Developer/SDKs/iPhoneSimulator7.0.sdk -miphoneos-version-min=7.0 -I/Users/rob/Projects/compile-tesseract/dependencies/include -L/Users/rob/Projects/compile-tesseract/dependencies/lib -arch i386 -pipe -no-cpp-precomp -isysroot /Applications/Xcode.app/Contents/Developer/Platforms/iPhoneSimulator.platform/Developer/SDKs/iPhoneSimulator7.0.sdk -miphoneos-version-min=7.0 -I/Users/rob/Projects/compile-tesseract/dependencies/include -L/Users/rob/Projects/compile-tesseract/dependencies/lib conftest.c >&5
clang: warning: argument unused during compilation: '-L/Users/rob/Projects/compile-tesseract/dependencies/lib'
clang: warning: argument unused during compilation: '-L/Users/rob/Projects/compile-tesseract/dependencies/lib'
conftest.c:59:21: error: expected expression
if (sizeof ((size_t)))
                    ^
1 error generated.
configure:11670: $? = 1
configure: failed program was:
| /* confdefs.h */
| #define PACKAGE_NAME "leptonica"
| #define PACKAGE_TARNAME "leptonica"
| #define PACKAGE_VERSION "1.69"
| #define PACKAGE_STRING "leptonica 1.69"
| #define PACKAGE_BUGREPORT "dan.bloomberg@gmail.com"
| #define PACKAGE_URL ""
| #define STDC_HEADERS 1
| #define HAVE_SYS_TYPES_H 1
| #define HAVE_SYS_STAT_H 1
| #define HAVE_STDLIB_H 1
| #define HAVE_STRING_H 1
| #define HAVE_MEMORY_H 1
| #define HAVE_STRINGS_H 1
| #define HAVE_INTTYPES_H 1
| #define HAVE_STDINT_H 1
| #define HAVE_UNISTD_H 1
| #define HAVE_DLFCN_H 1
| #define LT_OBJDIR ".libs/"
| #define PACKAGE "leptonica"
| #define VERSION "1.69"
| /* end confdefs.h.  */
| #include <stdio.h>
| #ifdef HAVE_SYS_TYPES_H
| # include <sys/types.h>
| #endif
| #ifdef HAVE_SYS_STAT_H
| # include <sys/stat.h>
| #endif
| #ifdef STDC_HEADERS
| # include <stdlib.h>
| # include <stddef.h>
| #else
| # ifdef HAVE_STDLIB_H
| #  include <stdlib.h>
| # endif
| #endif
| #ifdef HAVE_STRING_H
| # if !defined STDC_HEADERS && defined HAVE_MEMORY_H
| #  include <memory.h>
| # endif
| # include <string.h>
| #endif
| #ifdef HAVE_STRINGS_H
| # include <strings.h>
| #endif
| #ifdef HAVE_INTTYPES_H
| # include <inttypes.h>
| #endif
| #ifdef HAVE_STDINT_H
| # include <stdint.h>
| #endif
| #ifdef HAVE_UNISTD_H
| # include <unistd.h>
| #endif
| int
| main ()
| {
| if (sizeof ((size_t)))
| 	    return 0;
|   ;
|   return 0;
| }
configure:11670: result: yes
configure:11681: checking whether byte ordering is bigendian
configure:11696: /usr/bin/llvm-gcc -c -arch i386 -pipe -no-cpp-precomp -isysroot /Applications/Xcode.app/Contents/Developer/Platforms/iPhoneSimulator.platform/Developer/SDKs/iPhoneSimulator7.0.sdk -miphoneos-version-min=7.0 -I/Users/rob/Projects/compile-tesseract/dependencies/include -L/Users/rob/Projects/compile-tesseract/dependencies/lib -arch i386 -pipe -no-cpp-precomp -isysroot /Applications/Xcode.app/Contents/Developer/Platforms/iPhoneSimulator.platform/Developer/SDKs/iPhoneSimulator7.0.sdk -miphoneos-version-min=7.0 -I/Users/rob/Projects/compile-tesseract/dependencies/include -L/Users/rob/Projects/compile-tesseract/dependencies/lib conftest.c >&5
clang: warning: argument unused during compilation: '-L/Users/rob/Projects/compile-tesseract/dependencies/lib'
clang: warning: argument unused during compilation: '-L/Users/rob/Projects/compile-tesseract/dependencies/lib'
configure:11696: $? = 0
configure:11741: /usr/bin/llvm-gcc -c -arch i386 -pipe -no-cpp-precomp -isysroot /Applications/Xcode.app/Contents/Developer/Platforms/iPhoneSimulator.platform/Developer/SDKs/iPhoneSimulator7.0.sdk -miphoneos-version-min=7.0 -I/Users/rob/Projects/compile-tesseract/dependencies/include -L/Users/rob/Projects/compile-tesseract/dependencies/lib -arch i386 -pipe -no-cpp-precomp -isysroot /Applications/Xcode.app/Contents/Developer/Platforms/iPhoneSimulator.platform/Developer/SDKs/iPhoneSimulator7.0.sdk -miphoneos-version-min=7.0 -I/Users/rob/Projects/compile-tesseract/dependencies/include -L/Users/rob/Projects/compile-tesseract/dependencies/lib conftest.c >&5
clang: warning: argument unused during compilation: '-L/Users/rob/Projects/compile-tesseract/dependencies/lib'
clang: warning: argument unused during compilation: '-L/Users/rob/Projects/compile-tesseract/dependencies/lib'
configure:11741: $? = 0
configure:11759: /usr/bin/llvm-gcc -c -arch i386 -pipe -no-cpp-precomp -isysroot /Applications/Xcode.app/Contents/Developer/Platforms/iPhoneSimulator.platform/Developer/SDKs/iPhoneSimulator7.0.sdk -miphoneos-version-min=7.0 -I/Users/rob/Projects/compile-tesseract/dependencies/include -L/Users/rob/Projects/compile-tesseract/dependencies/lib -arch i386 -pipe -no-cpp-precomp -isysroot /Applications/Xcode.app/Contents/Developer/Platforms/iPhoneSimulator.platform/Developer/SDKs/iPhoneSimulator7.0.sdk -miphoneos-version-min=7.0 -I/Users/rob/Projects/compile-tesseract/dependencies/include -L/Users/rob/Projects/compile-tesseract/dependencies/lib conftest.c >&5
clang: warning: argument unused during compilation: '-L/Users/rob/Projects/compile-tesseract/dependencies/lib'
clang: warning: argument unused during compilation: '-L/Users/rob/Projects/compile-tesseract/dependencies/lib'
conftest.c:30:4: error: use of undeclared identifier 'not'
                 not big endian
                 ^
1 error generated.
configure:11759: $? = 1
configure: failed program was:
| /* confdefs.h */
| #define PACKAGE_NAME "leptonica"
| #define PACKAGE_TARNAME "leptonica"
| #define PACKAGE_VERSION "1.69"
| #define PACKAGE_STRING "leptonica 1.69"
| #define PACKAGE_BUGREPORT "dan.bloomberg@gmail.com"
| #define PACKAGE_URL ""
| #define STDC_HEADERS 1
| #define HAVE_SYS_TYPES_H 1
| #define HAVE_SYS_STAT_H 1
| #define HAVE_STDLIB_H 1
| #define HAVE_STRING_H 1
| #define HAVE_MEMORY_H 1
| #define HAVE_STRINGS_H 1
| #define HAVE_INTTYPES_H 1
| #define HAVE_STDINT_H 1
| #define HAVE_UNISTD_H 1
| #define HAVE_DLFCN_H 1
| #define LT_OBJDIR ".libs/"
| #define PACKAGE "leptonica"
| #define VERSION "1.69"
| /* end confdefs.h.  */
| #include <sys/types.h>
| 		#include <sys/param.h>
| 
| int
| main ()
| {
| #if BYTE_ORDER != BIG_ENDIAN
| 		 not big endian
| 		#endif
| 
|   ;
|   return 0;
| }
configure:11887: result: no
configure:11919: checking whether compiler supports -Wl,--as-needed
configure:11935: /usr/bin/llvm-gcc -o conftest -arch i386 -pipe -no-cpp-precomp -isysroot /Applications/Xcode.app/Contents/Developer/Platforms/iPhoneSimulator.platform/Developer/SDKs/iPhoneSimulator7.0.sdk -miphoneos-version-min=7.0 -I/Users/rob/Projects/compile-tesseract/dependencies/include -L/Users/rob/Projects/compile-tesseract/dependencies/lib -arch i386 -pipe -no-cpp-precomp -isysroot /Applications/Xcode.app/Contents/Developer/Platforms/iPhoneSimulator.platform/Developer/SDKs/iPhoneSimulator7.0.sdk -miphoneos-version-min=7.0 -I/Users/rob/Projects/compile-tesseract/dependencies/include -L/Users/rob/Projects/compile-tesseract/dependencies/lib -Wl,--as-needed -L/Applications/Xcode.app/Contents/Developer/Platforms/iPhoneSimulator.platform/Developer/SDKs/iPhoneSimulator7.0.sdk/usr/lib/ conftest.c  >&5
ld: unknown option: --as-needed
clang: error: linker command failed with exit code 1 (use -v to see invocation)
configure:11935: $? = 1
configure: failed program was:
| /* confdefs.h */
| #define PACKAGE_NAME "leptonica"
| #define PACKAGE_TARNAME "leptonica"
| #define PACKAGE_VERSION "1.69"
| #define PACKAGE_STRING "leptonica 1.69"
| #define PACKAGE_BUGREPORT "dan.bloomberg@gmail.com"
| #define PACKAGE_URL ""
| #define STDC_HEADERS 1
| #define HAVE_SYS_TYPES_H 1
| #define HAVE_SYS_STAT_H 1
| #define HAVE_STDLIB_H 1
| #define HAVE_STRING_H 1
| #define HAVE_MEMORY_H 1
| #define HAVE_STRINGS_H 1
| #define HAVE_INTTYPES_H 1
| #define HAVE_STDINT_H 1
| #define HAVE_UNISTD_H 1
| #define HAVE_DLFCN_H 1
| #define LT_OBJDIR ".libs/"
| #define PACKAGE "leptonica"
| #define VERSION "1.69"
| /* end confdefs.h.  */
| 
| int
| main ()
| {
| 
|   ;
|   return 0;
| }
configure:11939: result: no
configure:11949: checking for fmemopen
configure:11949: /usr/bin/llvm-gcc -o conftest -arch i386 -pipe -no-cpp-precomp -isysroot /Applications/Xcode.app/Contents/Developer/Platforms/iPhoneSimulator.platform/Developer/SDKs/iPhoneSimulator7.0.sdk -miphoneos-version-min=7.0 -I/Users/rob/Projects/compile-tesseract/dependencies/include -L/Users/rob/Projects/compile-tesseract/dependencies/lib -arch i386 -pipe -no-cpp-precomp -isysroot /Applications/Xcode.app/Contents/Developer/Platforms/iPhoneSimulator.platform/Developer/SDKs/iPhoneSimulator7.0.sdk -miphoneos-version-min=7.0 -I/Users/rob/Projects/compile-tesseract/dependencies/include -L/Users/rob/Projects/compile-tesseract/dependencies/lib -L/Applications/Xcode.app/Contents/Developer/Platforms/iPhoneSimulator.platform/Developer/SDKs/iPhoneSimulator7.0.sdk/usr/lib/ conftest.c  >&5
Undefined symbols for architecture i386:
  "_fmemopen", referenced from:
      _main in conftest-McMjG2.o
ld: symbol(s) not found for architecture i386
clang: error: linker command failed with exit code 1 (use -v to see invocation)
configure:11949: $? = 1
configure: failed program was:
| /* confdefs.h */
| #define PACKAGE_NAME "leptonica"
| #define PACKAGE_TARNAME "leptonica"
| #define PACKAGE_VERSION "1.69"
| #define PACKAGE_STRING "leptonica 1.69"
| #define PACKAGE_BUGREPORT "dan.bloomberg@gmail.com"
| #define PACKAGE_URL ""
| #define STDC_HEADERS 1
| #define HAVE_SYS_TYPES_H 1
| #define HAVE_SYS_STAT_H 1
| #define HAVE_STDLIB_H 1
| #define HAVE_STRING_H 1
| #define HAVE_MEMORY_H 1
| #define HAVE_STRINGS_H 1
| #define HAVE_INTTYPES_H 1
| #define HAVE_STDINT_H 1
| #define HAVE_UNISTD_H 1
| #define HAVE_DLFCN_H 1
| #define LT_OBJDIR ".libs/"
| #define PACKAGE "leptonica"
| #define VERSION "1.69"
| /* end confdefs.h.  */
| /* Define fmemopen to an innocuous variant, in case <limits.h> declares fmemopen.
|    For example, HP-UX 11i <limits.h> declares gettimeofday.  */
| #define fmemopen innocuous_fmemopen
| 
| /* System header to define __stub macros and hopefully few prototypes,
|     which can conflict with char fmemopen (); below.
|     Prefer <limits.h> to <assert.h> if __STDC__ is defined, since
|     <limits.h> exists even on freestanding compilers.  */
| 
| #ifdef __STDC__
| # include <limits.h>
| #else
| # include <assert.h>
| #endif
| 
| #undef fmemopen
| 
| /* Override any GCC internal prototype to avoid an error.
|    Use char because int might match the return type of a GCC
|    builtin and then its argument prototype would still apply.  */
| #ifdef __cplusplus
| extern "C"
| #endif
| char fmemopen ();
| /* The GNU C library defines this for functions which it implements
|     to always fail with ENOSYS.  Some functions are actually named
|     something starting with __ and the normal name is an alias.  */
| #if defined __stub_fmemopen || defined __stub___fmemopen
| choke me
| #endif
| 
| int
| main ()
| {
| return fmemopen ();
|   ;
|   return 0;
| }
configure:11949: result: no
configure:12084: creating ./config.status

## ---------------------- ##
## Running config.status. ##
## ---------------------- ##

This file was extended by leptonica config.status 1.69, which was
generated by GNU Autoconf 2.65.  Invocation command line was

  CONFIG_FILES    = 
  CONFIG_HEADERS  = 
  CONFIG_LINKS    = 
  CONFIG_COMMANDS = 
  $ ./config.status 

on lapdog

config.status:1078: creating Makefile
config.status:1078: creating src/endianness.h
config.status:1078: creating src/Makefile
config.status:1078: creating prog/Makefile
config.status:1078: creating config_auto.h
config.status:1298: executing libtool commands
config.status:1298: executing depfiles commands

## ---------------- ##
## Cache variables. ##
## ---------------- ##

ac_cv_build=i386-apple-darwin13.0.0
ac_cv_c_bigendian=no
ac_cv_c_compiler_gnu=yes
ac_cv_env_CC_set=set
ac_cv_env_CC_value=/usr/bin/llvm-gcc
ac_cv_env_CFLAGS_set=set
ac_cv_env_CFLAGS_value='-arch i386 -pipe -no-cpp-precomp -isysroot /Applications/Xcode.app/Contents/Developer/Platforms/iPhoneSimulator.platform/Developer/SDKs/iPhoneSimulator7.0.sdk -miphoneos-version-min=7.0 -I/Users/rob/Projects/compile-tesseract/dependencies/include -L/Users/rob/Projects/compile-tesseract/dependencies/lib'
ac_cv_env_CPPFLAGS_set=set
ac_cv_env_CPPFLAGS_value='-arch i386 -pipe -no-cpp-precomp -isysroot /Applications/Xcode.app/Contents/Developer/Platforms/iPhoneSimulator.platform/Developer/SDKs/iPhoneSimulator7.0.sdk -miphoneos-version-min=7.0 -I/Users/rob/Projects/compile-tesseract/dependencies/include -L/Users/rob/Projects/compile-tesseract/dependencies/lib'
ac_cv_env_CPP_set=
ac_cv_env_CPP_value=
ac_cv_env_LDFLAGS_set=set
ac_cv_env_LDFLAGS_value=-L/Applications/Xcode.app/Contents/Developer/Platforms/iPhoneSimulator.platform/Developer/SDKs/iPhoneSimulator7.0.sdk/usr/lib/
ac_cv_env_LIBS_set=
ac_cv_env_LIBS_value=
ac_cv_env_build_alias_set=
ac_cv_env_build_alias_value=
ac_cv_env_host_alias_set=
ac_cv_env_host_alias_value=
ac_cv_env_target_alias_set=
ac_cv_env_target_alias_value=
ac_cv_func_fmemopen=no
ac_cv_header_dlfcn_h=yes
ac_cv_header_inttypes_h=yes
ac_cv_header_memory_h=yes
ac_cv_header_stdc=yes
ac_cv_header_stdint_h=yes
ac_cv_header_stdlib_h=yes
ac_cv_header_string_h=yes
ac_cv_header_strings_h=yes
ac_cv_header_sys_stat_h=yes
ac_cv_header_sys_types_h=yes
ac_cv_header_unistd_h=yes
ac_cv_host=i386-apple-darwin13.0.0
ac_cv_lib_webp_WebPGetInfo=no
ac_cv_objext=o
ac_cv_path_EGREP='/usr/bin/grep -E'
ac_cv_path_FGREP='/usr/bin/grep -F'
ac_cv_path_GREP=/usr/bin/grep
ac_cv_path_SED=/usr/bin/sed
ac_cv_path_install='/usr/bin/install -c'
ac_cv_prog_AWK=gawk
ac_cv_prog_CPP='/usr/bin/llvm-gcc -E'
ac_cv_prog_ac_ct_AR=/usr/bin/ar
ac_cv_prog_ac_ct_CC=/usr/bin/llvm-gcc
ac_cv_prog_ac_ct_DSYMUTIL=dsymutil
ac_cv_prog_ac_ct_LIPO=lipo
ac_cv_prog_ac_ct_NMEDIT=nmedit
ac_cv_prog_ac_ct_OTOOL=otool
ac_cv_prog_ac_ct_RANLIB=/usr/bin/ranlib
ac_cv_prog_ac_ct_STRIP=strip
ac_cv_prog_cc_c89=
ac_cv_prog_cc_g=yes
ac_cv_prog_make_make_set=yes
ac_cv_type_size_t=yes
am_cv_CC_dependencies_compiler_type=gcc3
lt_cv_apple_cc_single_mod=yes
lt_cv_deplibs_check_method=pass_all
lt_cv_file_magic_cmd='$MAGIC_CMD'
lt_cv_file_magic_test_file=
lt_cv_ld_exported_symbols_list=yes
lt_cv_ld_reload_flag=-r
lt_cv_nm_interface='BSD nm'
lt_cv_objdir=.libs
lt_cv_path_LD=/usr/bin/ld
lt_cv_path_NM=/usr/bin/nm
lt_cv_prog_compiler_c_o=yes
lt_cv_prog_compiler_pic_works=yes
lt_cv_prog_compiler_rtti_exceptions=yes
lt_cv_prog_compiler_static_works=no
lt_cv_prog_gnu_ld=no
lt_cv_sys_global_symbol_pipe='sed -n -e '\''s/^.*[	 ]\([BCDEGRST][BCDEGRST]*\)[	 ][	 ]*_\([_A-Za-z][_A-Za-z0-9]*\)$/\1 _\2 \2/p'\'''
lt_cv_sys_global_symbol_to_c_name_address='sed -n -e '\''s/^: \([^ ]*\) $/  {\"\1\", (void *) 0},/p'\'' -e '\''s/^[BCDEGRST]* \([^ ]*\) \([^ ]*\)$/  {"\2", (void *) \&\2},/p'\'''
lt_cv_sys_global_symbol_to_c_name_address_lib_prefix='sed -n -e '\''s/^: \([^ ]*\) $/  {\"\1\", (void *) 0},/p'\'' -e '\''s/^[BCDEGRST]* \([^ ]*\) \(lib[^ ]*\)$/  {"\2", (void *) \&\2},/p'\'' -e '\''s/^[BCDEGRST]* \([^ ]*\) \([^ ]*\)$/  {"lib\2", (void *) \&\2},/p'\'''
lt_cv_sys_global_symbol_to_cdecl='sed -n -e '\''s/^T .* \(.*\)$/extern int \1();/p'\'' -e '\''s/^[BCDEGRST]* .* \(.*\)$/extern char \1;/p'\'''
lt_cv_sys_max_cmd_len=196608

## ----------------- ##
## Output variables. ##
## ----------------- ##

ACLOCAL='${SHELL} /Users/rob/Projects/compile-tesseract/leptonica-1.69/config/missing --run aclocal-1.11'
AMDEPBACKSLASH='\'
AMDEP_FALSE='#'
AMDEP_TRUE=''
AMTAR='${SHELL} /Users/rob/Projects/compile-tesseract/leptonica-1.69/config/missing --run tar'
APPLE_UNIVERSAL_BUILD='0'
AR='/usr/bin/ar'
AUTOCONF='${SHELL} /Users/rob/Projects/compile-tesseract/leptonica-1.69/config/missing --run autoconf'
AUTOHEADER='${SHELL} /Users/rob/Projects/compile-tesseract/leptonica-1.69/config/missing --run autoheader'
AUTOMAKE='${SHELL} /Users/rob/Projects/compile-tesseract/leptonica-1.69/config/missing --run automake-1.11'
AWK='gawk'
CC='/usr/bin/llvm-gcc'
CCDEPMODE='depmode=gcc3'
CFLAGS='-arch i386 -pipe -no-cpp-precomp -isysroot /Applications/Xcode.app/Contents/Developer/Platforms/iPhoneSimulator.platform/Developer/SDKs/iPhoneSimulator7.0.sdk -miphoneos-version-min=7.0 -I/Users/rob/Projects/compile-tesseract/dependencies/include -L/Users/rob/Projects/compile-tesseract/dependencies/lib'
CPP='/usr/bin/llvm-gcc -E'
CPPFLAGS='-arch i386 -pipe -no-cpp-precomp -isysroot /Applications/Xcode.app/Contents/Developer/Platforms/iPhoneSimulator.platform/Developer/SDKs/iPhoneSimulator7.0.sdk -miphoneos-version-min=7.0 -I/Users/rob/Projects/compile-tesseract/dependencies/include -L/Users/rob/Projects/compile-tesseract/dependencies/lib'
CYGPATH_W='echo'
DEFS='-DHAVE_CONFIG_H'
DEPDIR='.deps'
DSYMUTIL='dsymutil'
DUMPBIN=''
ECHO_C='\c'
ECHO_N=''
ECHO_T=''
EGREP='/usr/bin/grep -E'
ENABLE_PROGRAMS_FALSE=''
ENABLE_PROGRAMS_TRUE='#'
ENDIANNESS='L_LITTLE_ENDIAN'
EXEEXT=''
FGREP='/usr/bin/grep -F'
GDI_LIBS=''
GIFLIB_LIBS=''
GREP='/usr/bin/grep'
INSTALL_DATA='${INSTALL} -m 644'
INSTALL_PROGRAM='${INSTALL}'
INSTALL_SCRIPT='${INSTALL}'
INSTALL_STRIP_PROGRAM='$(install_sh) -c -s'
JPEG_LIBS=''
LD='/usr/bin/ld'
LDFLAGS='-L/Applications/Xcode.app/Contents/Developer/Platforms/iPhoneSimulator.platform/Developer/SDKs/iPhoneSimulator7.0.sdk/usr/lib/'
LIBM=''
LIBOBJS=''
LIBPNG_LIBS=''
LIBS=''
LIBTIFF_LIBS=''
LIBTOOL='$(SHELL) $(top_builddir)/libtool'
LIBWEBP_LIBS=''
LIPO='lipo'
LN_S='ln -s'
LTLIBOBJS=''
MAKEINFO='${SHELL} /Users/rob/Projects/compile-tesseract/leptonica-1.69/config/missing --run makeinfo'
MKDIR_P='config/install-sh -c -d'
NM='/usr/bin/nm'
NMEDIT='nmedit'
OBJDUMP='false'
OBJEXT='o'
OTOOL64=':'
OTOOL='otool'
PACKAGE='leptonica'
PACKAGE_BUGREPORT='dan.bloomberg@gmail.com'
PACKAGE_NAME='leptonica'
PACKAGE_STRING='leptonica 1.69'
PACKAGE_TARNAME='leptonica'
PACKAGE_URL=''
PACKAGE_VERSION='1.69'
PATH_SEPARATOR=':'
RANLIB='/usr/bin/ranlib'
SED='/usr/bin/sed'
SET_MAKE=''
SHELL='/bin/sh'
STRIP='strip'
VERSION='1.69'
ZLIB_LIBS=''
ac_ct_CC='/usr/bin/llvm-gcc'
ac_ct_DUMPBIN=''
am__EXEEXT_FALSE=''
am__EXEEXT_TRUE='#'
am__fastdepCC_FALSE='#'
am__fastdepCC_TRUE=''
am__include='include'
am__isrc=''
am__leading_dot='.'
am__quote=''
am__tar='${AMTAR} chof - "$$tardir"'
am__untar='${AMTAR} xf -'
bindir='${exec_prefix}/bin'
build='i386-apple-darwin13.0.0'
build_alias=''
build_cpu='i386'
build_os='darwin13.0.0'
build_vendor='apple'
datadir='${datarootdir}'
datarootdir='${prefix}/share'
docdir='${datarootdir}/doc/${PACKAGE_TARNAME}'
dvidir='${docdir}'
exec_prefix='${prefix}'
host='i386-apple-darwin13.0.0'
host_alias=''
host_cpu='i386'
host_os='darwin13.0.0'
host_vendor='apple'
htmldir='${docdir}'
includedir='${prefix}/include'
infodir='${datarootdir}/info'
install_sh='${SHELL} /Users/rob/Projects/compile-tesseract/leptonica-1.69/config/install-sh'
libdir='${exec_prefix}/lib'
libexecdir='${exec_prefix}/libexec'
localedir='${datarootdir}/locale'
localstatedir='${prefix}/var'
lt_ECHO='/bin/echo'
mandir='${datarootdir}/man'
mkdir_p='$(top_builddir)/config/install-sh -c -d'
oldincludedir='/usr/include'
pdfdir='${docdir}'
prefix='/usr/local'
program_transform_name='s,x,x,'
psdir='${docdir}'
sbindir='${exec_prefix}/sbin'
sharedstatedir='${prefix}/com'
sysconfdir='${prefix}/etc'
target_alias=''

## ----------- ##
## confdefs.h. ##
## ----------- ##

/* confdefs.h */
#define PACKAGE_NAME "leptonica"
#define PACKAGE_TARNAME "leptonica"
#define PACKAGE_VERSION "1.69"
#define PACKAGE_STRING "leptonica 1.69"
#define PACKAGE_BUGREPORT "dan.bloomberg@gmail.com"
#define PACKAGE_URL ""
#define STDC_HEADERS 1
#define HAVE_SYS_TYPES_H 1
#define HAVE_SYS_STAT_H 1
#define HAVE_STDLIB_H 1
#define HAVE_STRING_H 1
#define HAVE_MEMORY_H 1
#define HAVE_STRINGS_H 1
#define HAVE_INTTYPES_H 1
#define HAVE_STDINT_H 1
#define HAVE_UNISTD_H 1
#define HAVE_DLFCN_H 1
#define LT_OBJDIR ".libs/"
#define PACKAGE "leptonica"
#define VERSION "1.69"

configure: exit 0
